TN:
SF:/Users/runyaga/dev/dart_monty/main/native/src/convert.rs
FN:20,monty_object_to_json
FN:123,json_to_monty_object
FN:266,bigint_to_json
FN:274,float_to_json
FN:286,number_to_monty_object
FN:297,dict_to_json
FNF:6
FNDA:211,monty_object_to_json
FNDA:116,json_to_monty_object
FNDA:3,bigint_to_json
FNDA:5,float_to_json
FNDA:49,number_to_monty_object
FNDA:7,dict_to_json
DA:20,211
DA:21,211
DA:22,14
DA:23,16
DA:24,196
DA:25,9
DA:26,15
DA:27,42
DA:28,9
DA:29,14
DA:30,7
DA:31,28
DA:33,12
DA:34,6
DA:35,3
DA:36,12
DA:38,6
DA:39,3
DA:40,12
DA:42,2
DA:43,8
DA:44,4
DA:45,4
DA:48,3
DA:49,3
DA:50,3
DA:51,3
DA:52,3
DA:53,3
DA:54,3
DA:55,12
DA:57,10
DA:58,5
DA:59,5
DA:62,3
DA:63,3
DA:64,3
DA:65,3
DA:66,3
DA:68,9
DA:69,3
DA:70,3
DA:71,3
DA:72,3
DA:73,3
DA:74,3
DA:75,3
DA:78,2
DA:79,2
DA:80,6
DA:81,6
DA:82,4
DA:83,1
DA:85,3
DA:87,4
DA:88,0
DA:89,2
DA:90,8
DA:91,4
DA:92,4
DA:93,4
DA:94,4
DA:96,14
DA:97,7
DA:98,7
DA:99,7
DA:100,7
DA:101,7
DA:102,7
DA:103,7
DA:104,7
DA:105,7
DA:106,7
DA:108,6
DA:109,3
DA:110,3
DA:111,3
DA:112,3
DA:114,6
DA:115,3
DA:116,3
DA:117,3
DA:123,116
DA:124,116
DA:125,4
DA:126,10
DA:127,147
DA:128,28
DA:129,6
DA:130,42
DA:131,282
DA:132,38
DA:133,42
DA:134,24
DA:135,24
DA:136,16
DA:138,34
DA:139,35
DA:140,35
DA:141,35
DA:142,35
DA:143,35
DA:144,35
DA:145,7
DA:146,7
DA:147,7
DA:148,7
DA:149,7
DA:150,7
DA:151,14
DA:152,7
DA:153,16
DA:154,7
DA:155,14
DA:156,21
DA:157,7
DA:159,30
DA:160,18
DA:161,18
DA:162,6
DA:163,6
DA:164,6
DA:165,3
DA:166,3
DA:168,24
DA:169,3
DA:170,3
DA:171,3
DA:172,3
DA:173,3
DA:174,3
DA:175,6
DA:176,9
DA:177,3
DA:179,33
DA:181,3
DA:182,3
DA:183,6
DA:184,3
DA:185,1293
DA:186,3
DA:188,3
DA:191,6
DA:192,6
DA:193,24
DA:194,6
DA:197,2
DA:198,2
DA:199,8
DA:200,2
DA:203,2
DA:204,2
DA:205,8
DA:206,2
DA:209,8
DA:210,2
DA:218,2
DA:224,8
DA:225,6
DA:226,2
DA:234,2
DA:240,2
DA:247,0
DA:249,0
DA:251,0
DA:256,12
DA:258,22
DA:260,8
DA:266,3
DA:267,4
DA:268,1
DA:270,2
DA:274,5
DA:275,10
DA:276,8
DA:277,6
DA:278,1
DA:279,4
DA:280,1
DA:282,1
DA:286,49
DA:287,96
DA:288,47
DA:289,4
DA:290,2
DA:293,0
DA:297,7
DA:299,35
DA:300,14
DA:302,18
DA:304,7
DA:305,18
DA:307,16
DA:308,20
DA:309,30
DA:310,0
DA:312,20
DA:315,6
DA:318,1
DA:319,1
DA:320,11
DA:321,1
LF:202
LH:196
end_of_record
TN:
SF:/Users/runyaga/dev/dart_monty/main/native/src/error.rs
FN:8,to_c_string
FN:13,catch_ffi_panic
FN:33,parse_c_str
FN:62,monty_exception_to_json
FNF:4
FNDA:45,to_c_string
FNDA:73,catch_ffi_panic
FNDA:67,parse_c_str
FNDA:26,monty_exception_to_json
DA:8,45
DA:9,180
DA:13,73
DA:17,222
DA:18,4
DA:19,2
DA:20,3
DA:21,2
DA:23,2
DA:33,67
DA:38,134
DA:39,10
DA:41,5
DA:43,5
DA:46,118
DA:47,56
DA:49,11
DA:51,5
DA:53,6
DA:62,26
DA:63,52
DA:64,78
DA:65,78
DA:67,104
DA:69,78
DA:72,49
DA:73,115
DA:74,115
DA:75,115
DA:76,69
DA:77,92
DA:82,26
DA:83,69
DA:85,50
DA:86,54
DA:87,27
DA:88,27
DA:89,27
DA:90,27
DA:91,27
DA:93,108
DA:94,81
DA:95,108
DA:97,81
DA:98,108
DA:100,27
DA:101,0
DA:103,27
DA:104,0
DA:106,27
DA:109,115
DA:112,26
LF:52
LH:50
end_of_record
TN:
SF:/Users/runyaga/dev/dart_monty/main/native/src/handle.rs
FN:27,default_limits
FN:105,<impl Debug for MontyHandle>::fmt
FN:115,MontyHandle::new
FN:133,MontyHandle::run
FN:181,MontyHandle::start
FN:197,MontyHandle::resume
FN:208,MontyHandle::resume_with_error
FN:221,MontyHandle::resume_as_future
FN:241,MontyHandle::pending_future_call_ids
FN:252,MontyHandle::resume_futures
FN:324,MontyHandle::pending_fn_name
FN:332,MontyHandle::pending_fn_args_json
FN:343,MontyHandle::pending_fn_kwargs_json
FN:354,MontyHandle::pending_call_id
FN:364,MontyHandle::pending_method_call
FN:374,MontyHandle::os_call_fn_name
FN:382,MontyHandle::os_call_args_json
FN:390,MontyHandle::os_call_kwargs_json
FN:398,MontyHandle::os_call_id
FN:406,MontyHandle::complete_result_json
FN:414,MontyHandle::complete_is_error
FN:422,MontyHandle::snapshot
FN:432,MontyHandle::restore
FN:445,MontyHandle::set_memory_limit
FN:451,MontyHandle::set_time_limit_ms
FN:457,MontyHandle::set_stack_limit
FN:464,MontyHandle::run_snapshot_op
FN:477,MontyHandle::resume_with_result
FN:500,MontyHandle::process_progress
FN:596,MontyHandle::handle_exception
FN:614,build_pending_meta
FN:651,default_usage_json
FN:655,build_result_json
FNF:33
FNDA:52,default_limits
FNDA:0,<impl Debug for MontyHandle>::fmt
FNDA:81,MontyHandle::new
FNDA:33,MontyHandle::run
FNDA:36,MontyHandle::start
FNDA:16,MontyHandle::resume
FNDA:2,MontyHandle::resume_with_error
FNDA:11,MontyHandle::resume_as_future
FNDA:5,MontyHandle::pending_future_call_ids
FNDA:8,MontyHandle::resume_futures
FNDA:8,MontyHandle::pending_fn_name
FNDA:4,MontyHandle::pending_fn_args_json
FNDA:3,MontyHandle::pending_fn_kwargs_json
FNDA:16,MontyHandle::pending_call_id
FNDA:5,MontyHandle::pending_method_call
FNDA:0,MontyHandle::os_call_fn_name
FNDA:0,MontyHandle::os_call_args_json
FNDA:0,MontyHandle::os_call_kwargs_json
FNDA:0,MontyHandle::os_call_id
FNDA:23,MontyHandle::complete_result_json
FNDA:11,MontyHandle::complete_is_error
FNDA:4,MontyHandle::snapshot
FNDA:7,MontyHandle::restore
FNDA:13,MontyHandle::set_memory_limit
FNDA:6,MontyHandle::set_time_limit_ms
FNDA:2,MontyHandle::set_stack_limit
FNDA:67,MontyHandle::run_snapshot_op
FNDA:17,MontyHandle::resume_with_result
FNDA:60,MontyHandle::process_progress
FNDA:7,MontyHandle::handle_exception
FNDA:32,build_pending_meta
FNDA:87,default_usage_json
FNDA:64,build_result_json
DA:27,52
DA:28,104
DA:29,52
DA:30,52
DA:31,52
DA:105,0
DA:106,0
DA:115,81
DA:120,401
DA:121,405
DA:123,79
DA:124,158
DA:125,158
DA:126,316
DA:127,79
DA:128,79
DA:133,33
DA:134,132
DA:135,65
DA:136,2
DA:137,1
DA:138,2
DA:139,2
DA:140,1
DA:144,64
DA:145,128
DA:146,96
DA:147,192
DA:149,96
DA:151,32
DA:152,18
DA:153,54
DA:154,18
DA:155,90
DA:156,36
DA:157,18
DA:158,18
DA:160,36
DA:162,14
DA:163,42
DA:165,14
DA:166,14
DA:167,14
DA:168,14
DA:170,42
DA:171,28
DA:172,14
DA:173,14
DA:175,28
DA:181,36
DA:182,144
DA:183,71
DA:184,2
DA:185,1
DA:186,2
DA:187,1
DA:191,140
DA:192,105
DA:193,245
DA:197,16
DA:198,46
DA:199,30
DA:200,2
DA:202,45
DA:203,30
DA:204,45
DA:208,2
DA:210,2
DA:211,2
DA:213,4
DA:214,6
DA:221,11
DA:222,44
DA:224,11
DA:225,10
DA:226,50
DA:228,1
DA:229,2
DA:231,2
DA:232,1
DA:241,5
DA:242,5
DA:243,8
DA:244,1
DA:252,8
DA:257,22
DA:258,14
DA:259,1
DA:260,1
DA:261,1
DA:262,1
DA:266,21
DA:267,14
DA:268,0
DA:269,0
DA:270,0
DA:271,0
DA:276,21
DA:278,23
DA:279,24
DA:280,16
DA:282,0
DA:283,0
DA:284,0
DA:288,24
DA:289,24
DA:292,9
DA:293,3
DA:294,2
DA:296,0
DA:297,0
DA:298,0
DA:302,5
DA:303,4
DA:304,3
DA:307,28
DA:309,7
DA:310,6
DA:311,36
DA:313,1
DA:314,2
DA:316,2
DA:317,1
DA:324,8
DA:325,8
DA:326,12
DA:327,2
DA:332,4
DA:333,4
DA:334,4
DA:335,2
DA:343,3
DA:344,3
DA:345,2
DA:346,2
DA:354,16
DA:355,16
DA:356,26
DA:357,3
DA:364,5
DA:365,5
DA:366,4
DA:367,3
DA:374,0
DA:375,0
DA:376,0
DA:377,0
DA:382,0
DA:383,0
DA:384,0
DA:385,0
DA:390,0
DA:391,0
DA:392,0
DA:393,0
DA:398,0
DA:399,0
DA:400,0
DA:401,0
DA:406,23
DA:407,23
DA:408,44
DA:409,1
DA:414,11
DA:415,11
DA:416,20
DA:417,1
DA:422,4
DA:423,4
DA:424,3
DA:425,9
DA:427,1
DA:432,7
DA:433,32
DA:435,3
DA:436,6
DA:437,6
DA:438,6
DA:439,3
DA:440,3
DA:445,13
DA:446,39
DA:447,13
DA:451,6
DA:452,18
DA:453,6
DA:457,2
DA:458,6
DA:459,2
DA:464,67
DA:468,134
DA:469,134
DA:470,201
DA:471,67
DA:472,240
DA:473,28
DA:477,17
DA:481,68
DA:483,17
DA:484,16
DA:485,96
DA:487,0
DA:488,0
DA:490,1
DA:491,2
DA:493,2
DA:494,1
DA:500,60
DA:505,60
DA:506,21
DA:507,63
DA:508,21
DA:509,105
DA:510,42
DA:511,21
DA:512,21
DA:514,21
DA:516,32
DA:518,64
DA:519,32
DA:520,32
DA:521,32
DA:522,32
DA:524,64
DA:525,32
DA:527,7
DA:528,21
DA:529,7
DA:530,14
DA:531,7
DA:532,7
DA:534,7
DA:536,0
DA:537,0
DA:538,0
DA:539,0
DA:540,0
DA:541,0
DA:542,0
DA:543,0
DA:545,0
DA:548,0
DA:549,0
DA:550,0
DA:553,0
DA:554,0
DA:555,0
DA:556,0
DA:559,0
DA:561,0
DA:562,0
DA:570,0
DA:587,0
DA:589,0
DA:590,0
DA:596,7
DA:597,21
DA:599,7
DA:600,7
DA:601,7
DA:602,7
DA:604,21
DA:605,14
DA:606,7
DA:607,7
DA:609,7
DA:614,32
DA:621,32
DA:622,128
DA:623,32
DA:625,96
DA:626,64
DA:628,0
DA:630,0
DA:631,0
DA:632,0
DA:634,0
DA:636,0
DA:639,0
DA:651,87
DA:652,174
DA:655,64
DA:661,320
DA:662,0
DA:663,0
DA:664,0
DA:665,0
DA:668,128
DA:669,64
DA:670,64
DA:672,108
DA:673,110
DA:675,77
DA:676,39
DA:679,52
DA:681,192
LF:296
LH:232
end_of_record
TN:
SF:/Users/runyaga/dev/dart_monty/main/native/src/lib.rs
FN:65,monty_create
FN:134,monty_free
FN:162,monty_run
FN:214,monty_start
FN:226,monty_resume
FN:243,monty_resume_with_error
FN:266,monty_resume_as_future
FN:277,monty_pending_future_call_ids
FN:296,monty_resume_futures
FN:321,monty_pending_fn_name
FN:337,monty_pending_fn_args_json
FN:354,monty_pending_fn_kwargs_json
FN:370,monty_pending_call_id
FN:383,monty_pending_method_call
FN:405,monty_os_call_fn_name
FN:421,monty_os_call_args_json
FN:437,monty_os_call_kwargs_json
FN:452,monty_os_call_id
FN:465,monty_complete_result_json
FN:481,monty_complete_is_error
FN:505,monty_snapshot
FN:536,monty_restore
FN:583,monty_set_memory_limit
FN:592,monty_set_time_limit_ms
FN:601,monty_set_stack_limit
FN:626,monty_repl_create
FN:661,monty_repl_free
FN:688,monty_repl_feed_run
FN:745,monty_repl_detect_continuation
FN:800,monty_repl_set_ext_fns
FN:826,monty_repl_feed_start
FN:868,monty_repl_resume
FN:910,monty_repl_resume_with_error
FN:952,monty_repl_resume_as_future
FN:961,monty_repl_resume_futures
FN:1012,monty_repl_pending_fn_name
FN:1023,monty_repl_pending_fn_args_json
FN:1037,monty_repl_pending_fn_kwargs_json
FN:1051,monty_repl_pending_call_id
FN:1062,monty_repl_pending_method_call
FN:1077,monty_repl_os_call_fn_name
FN:1088,monty_repl_os_call_args_json
FN:1101,monty_repl_os_call_kwargs_json
FN:1114,monty_repl_os_call_id
FN:1125,monty_repl_complete_result_json
FN:1139,monty_repl_complete_is_error
FN:1154,monty_repl_pending_future_call_ids
FN:1172,monty_string_free
FN:1181,monty_bytes_free
FN:1195,monty_alloc
FN:1214,monty_dealloc
FNF:51
FNDA:34,monty_create
FNDA:33,monty_free
FNDA:13,monty_run
FNDA:12,monty_start
FNDA:7,monty_resume
FNDA:4,monty_resume_with_error
FNDA:4,monty_resume_as_future
FNDA:3,monty_pending_future_call_ids
FNDA:4,monty_resume_futures
FNDA:3,monty_pending_fn_name
FNDA:3,monty_pending_fn_args_json
FNDA:2,monty_pending_fn_kwargs_json
FNDA:8,monty_pending_call_id
FNDA:4,monty_pending_method_call
FNDA:0,monty_os_call_fn_name
FNDA:0,monty_os_call_args_json
FNDA:0,monty_os_call_kwargs_json
FNDA:0,monty_os_call_id
FNDA:6,monty_complete_result_json
FNDA:6,monty_complete_is_error
FNDA:4,monty_snapshot
FNDA:6,monty_restore
FNDA:3,monty_set_memory_limit
FNDA:3,monty_set_time_limit_ms
FNDA:2,monty_set_stack_limit
FNDA:0,monty_repl_create
FNDA:0,monty_repl_free
FNDA:0,monty_repl_feed_run
FNDA:0,monty_repl_detect_continuation
FNDA:0,monty_repl_set_ext_fns
FNDA:0,monty_repl_feed_start
FNDA:0,monty_repl_resume
FNDA:0,monty_repl_resume_with_error
FNDA:0,monty_repl_resume_as_future
FNDA:0,monty_repl_resume_futures
FNDA:0,monty_repl_pending_fn_name
FNDA:0,monty_repl_pending_fn_args_json
FNDA:0,monty_repl_pending_fn_kwargs_json
FNDA:0,monty_repl_pending_call_id
FNDA:0,monty_repl_pending_method_call
FNDA:0,monty_repl_os_call_fn_name
FNDA:0,monty_repl_os_call_args_json
FNDA:0,monty_repl_os_call_kwargs_json
FNDA:0,monty_repl_os_call_id
FNDA:0,monty_repl_complete_result_json
FNDA:0,monty_repl_complete_is_error
FNDA:0,monty_repl_pending_future_call_ids
FNDA:42,monty_string_free
FNDA:3,monty_bytes_free
FNDA:0,monty_alloc
FNDA:0,monty_dealloc
DA:65,34
DA:72,134
DA:73,96
DA:74,2
DA:77,95
DA:78,21
DA:81,33
DA:82,11
DA:83,65
DA:84,1
DA:88,91
DA:89,29
DA:92,6
DA:93,0
DA:94,2
DA:98,145
DA:99,28
DA:100,112
DA:101,56
DA:103,56
DA:104,28
DA:105,28
DA:107,1
DA:108,1
DA:110,0
DA:112,1
DA:114,0
DA:115,0
DA:117,0
DA:119,0
DA:127,2
DA:134,33
DA:135,66
DA:136,2
DA:138,62
DA:139,93
DA:141,62
DA:142,31
DA:143,31
DA:144,1
DA:147,90
DA:162,13
DA:167,26
DA:168,2
DA:170,1
DA:172,1
DA:176,24
DA:178,36
DA:179,36
DA:180,22
DA:182,10
DA:184,12
DA:185,11
DA:187,6
DA:189,8
DA:192,12
DA:194,0
DA:195,0
DA:197,0
DA:199,0
DA:214,12
DA:218,57
DA:226,7
DA:232,26
DA:233,2
DA:235,26
DA:243,4
DA:249,14
DA:250,2
DA:252,8
DA:266,4
DA:270,17
DA:277,3
DA:278,6
DA:279,1
DA:283,4
DA:284,2
DA:285,6
DA:286,0
DA:296,4
DA:303,15
DA:304,1
DA:307,12
DA:308,0
DA:310,10
DA:311,6
DA:321,3
DA:322,6
DA:323,1
DA:327,4
DA:328,2
DA:329,3
DA:330,1
DA:337,3
DA:338,6
DA:339,1
DA:343,4
DA:344,2
DA:345,3
DA:346,1
DA:354,2
DA:355,4
DA:356,1
DA:360,2
DA:361,1
DA:362,0
DA:363,1
DA:370,8
DA:371,16
DA:372,1
DA:376,14
DA:377,21
DA:383,4
DA:384,8
DA:385,1
DA:389,6
DA:390,3
DA:391,0
DA:392,1
DA:393,2
DA:405,0
DA:406,0
DA:407,0
DA:411,0
DA:412,0
DA:413,0
DA:414,0
DA:421,0
DA:422,0
DA:423,0
DA:427,0
DA:428,0
DA:429,0
DA:430,0
DA:437,0
DA:438,0
DA:439,0
DA:443,0
DA:444,0
DA:445,0
DA:446,0
DA:452,0
DA:453,0
DA:454,0
DA:458,0
DA:459,0
DA:465,6
DA:466,12
DA:467,1
DA:471,10
DA:472,5
DA:473,15
DA:474,0
DA:481,6
DA:482,12
DA:483,1
DA:487,10
DA:488,5
DA:489,1
DA:490,4
DA:491,0
DA:505,4
DA:509,14
DA:510,2
DA:514,4
DA:515,6
DA:516,2
DA:517,6
DA:518,6
DA:519,8
DA:521,2
DA:522,2
DA:524,0
DA:536,6
DA:541,12
DA:542,2
DA:544,1
DA:546,1
DA:550,20
DA:551,15
DA:552,2
DA:553,8
DA:554,4
DA:556,4
DA:557,2
DA:558,2
DA:560,3
DA:561,5
DA:563,2
DA:565,3
DA:567,0
DA:568,0
DA:570,0
DA:572,0
DA:583,3
DA:584,5
DA:586,4
DA:592,3
DA:593,5
DA:595,4
DA:601,2
DA:602,3
DA:604,2
DA:617,0
DA:626,0
DA:630,0
DA:631,0
DA:634,0
DA:635,0
DA:636,0
DA:640,0
DA:641,0
DA:642,0
DA:643,0
DA:645,0
DA:646,0
DA:647,0
DA:649,0
DA:650,0
DA:652,0
DA:654,0
DA:661,0
DA:662,0
DA:663,0
DA:665,0
DA:666,0
DA:668,0
DA:669,0
DA:670,0
DA:671,0
DA:674,0
DA:688,0
DA:694,0
DA:695,0
DA:697,0
DA:699,0
DA:703,0
DA:704,0
DA:708,0
DA:710,0
DA:711,0
DA:712,0
DA:714,0
DA:716,0
DA:717,0
DA:719,0
DA:721,0
DA:724,0
DA:726,0
DA:727,0
DA:729,0
DA:731,0
DA:745,0
DA:746,0
DA:747,0
DA:750,0
DA:751,0
DA:754,0
DA:800,0
DA:804,0
DA:805,0
DA:808,0
DA:809,0
DA:810,0
DA:813,0
DA:814,0
DA:815,0
DA:817,0
DA:819,0
DA:826,0
DA:831,0
DA:832,0
DA:834,0
DA:836,0
DA:839,0
DA:840,0
DA:843,0
DA:844,0
DA:845,0
DA:846,0
DA:847,0
DA:849,0
DA:851,0
DA:854,0
DA:856,0
DA:857,0
DA:859,0
DA:861,0
DA:868,0
DA:873,0
DA:874,0
DA:876,0
DA:878,0
DA:881,0
DA:882,0
DA:885,0
DA:886,0
DA:887,0
DA:888,0
DA:889,0
DA:891,0
DA:893,0
DA:896,0
DA:898,0
DA:899,0
DA:901,0
DA:903,0
DA:910,0
DA:915,0
DA:916,0
DA:918,0
DA:920,0
DA:923,0
DA:924,0
DA:927,0
DA:928,0
DA:929,0
DA:930,0
DA:931,0
DA:933,0
DA:935,0
DA:938,0
DA:940,0
DA:941,0
DA:943,0
DA:945,0
DA:952,0
DA:956,0
DA:961,0
DA:967,0
DA:968,0
DA:970,0
DA:972,0
DA:975,0
DA:976,0
DA:979,0
DA:980,0
DA:983,0
DA:984,0
DA:985,0
DA:986,0
DA:987,0
DA:989,0
DA:991,0
DA:994,0
DA:996,0
DA:997,0
DA:999,0
DA:1001,0
DA:1012,0
DA:1013,0
DA:1014,0
DA:1017,0
DA:1018,0
DA:1023,0
DA:1026,0
DA:1027,0
DA:1030,0
DA:1031,0
DA:1032,0
DA:1037,0
DA:1040,0
DA:1041,0
DA:1044,0
DA:1045,0
DA:1046,0
DA:1051,0
DA:1052,0
DA:1053,0
DA:1056,0
DA:1057,0
DA:1062,0
DA:1063,0
DA:1064,0
DA:1067,0
DA:1068,0
DA:1069,0
DA:1070,0
DA:1071,0
DA:1077,0
DA:1078,0
DA:1079,0
DA:1082,0
DA:1083,0
DA:1088,0
DA:1091,0
DA:1092,0
DA:1095,0
DA:1096,0
DA:1101,0
DA:1104,0
DA:1105,0
DA:1108,0
DA:1109,0
DA:1114,0
DA:1115,0
DA:1116,0
DA:1119,0
DA:1120,0
DA:1125,0
DA:1128,0
DA:1129,0
DA:1132,0
DA:1133,0
DA:1134,0
DA:1139,0
DA:1140,0
DA:1141,0
DA:1144,0
DA:1145,0
DA:1146,0
DA:1147,0
DA:1148,0
DA:1154,0
DA:1157,0
DA:1158,0
DA:1161,0
DA:1162,0
DA:1163,0
DA:1172,42
DA:1173,83
DA:1175,82
DA:1181,3
DA:1182,7
DA:1184,8
DA:1195,0
DA:1196,0
DA:1197,0
DA:1199,0
DA:1200,0
DA:1203,0
DA:1204,0
DA:1205,0
DA:1208,0
DA:1209,0
DA:1214,0
DA:1215,0
DA:1216,0
DA:1218,0
DA:1219,0
DA:1222,0
LF:441
LH:162
end_of_record
TN:
SF:/Users/runyaga/dev/dart_monty/main/native/src/repl_handle.rs
FN:97,<impl Debug for MontyReplHandle>::fmt
FN:105,MontyReplHandle::new
FN:114,MontyReplHandle::set_ext_fns
FN:127,MontyReplHandle::feed_run
FN:167,MontyReplHandle::feed_start
FN:184,MontyReplHandle::resume
FN:228,MontyReplHandle::resume_with_error
FN:272,MontyReplHandle::resume_as_future
FN:295,MontyReplHandle::resume_futures
FN:344,MontyReplHandle::pending_fn_name
FN:352,MontyReplHandle::pending_fn_args_json
FN:360,MontyReplHandle::pending_fn_kwargs_json
FN:368,MontyReplHandle::pending_call_id
FN:376,MontyReplHandle::pending_method_call
FN:384,MontyReplHandle::os_call_fn_name
FN:392,MontyReplHandle::os_call_args_json
FN:400,MontyReplHandle::os_call_kwargs_json
FN:408,MontyReplHandle::os_call_id
FN:416,MontyReplHandle::complete_result_json
FN:424,MontyReplHandle::complete_is_error
FN:432,MontyReplHandle::pending_future_call_ids
FN:445,MontyReplHandle::detect_continuation
FN:462,MontyReplHandle::take_repl
FN:477,MontyReplHandle::process_repl_progress
FN:575,MontyReplHandle::handle_repl_start_error
FN:597,build_pending_meta
FN:635,build_repl_result_json
FNF:27
FNDA:0,<impl Debug for MontyReplHandle>::fmt
FNDA:13,MontyReplHandle::new
FNDA:6,MontyReplHandle::set_ext_fns
FNDA:12,MontyReplHandle::feed_run
FNDA:8,MontyReplHandle::feed_start
FNDA:6,MontyReplHandle::resume
FNDA:2,MontyReplHandle::resume_with_error
FNDA:0,MontyReplHandle::resume_as_future
FNDA:0,MontyReplHandle::resume_futures
FNDA:4,MontyReplHandle::pending_fn_name
FNDA:0,MontyReplHandle::pending_fn_args_json
FNDA:0,MontyReplHandle::pending_fn_kwargs_json
FNDA:1,MontyReplHandle::pending_call_id
FNDA:0,MontyReplHandle::pending_method_call
FNDA:0,MontyReplHandle::os_call_fn_name
FNDA:0,MontyReplHandle::os_call_args_json
FNDA:0,MontyReplHandle::os_call_kwargs_json
FNDA:0,MontyReplHandle::os_call_id
FNDA:3,MontyReplHandle::complete_result_json
FNDA:2,MontyReplHandle::complete_is_error
FNDA:0,MontyReplHandle::pending_future_call_ids
FNDA:3,MontyReplHandle::detect_continuation
FNDA:20,MontyReplHandle::take_repl
FNDA:13,MontyReplHandle::process_repl_progress
FNDA:2,MontyReplHandle::handle_repl_start_error
FNDA:8,build_pending_meta
FNDA:19,build_repl_result_json
DA:97,0
DA:98,0
DA:105,13
DA:107,39
DA:108,13
DA:109,13
DA:114,6
DA:115,24
DA:127,12
DA:128,24
DA:129,24
DA:130,0
DA:133,24
DA:134,72
DA:136,36
DA:138,12
DA:139,11
DA:140,33
DA:141,55
DA:142,22
DA:143,22
DA:144,22
DA:146,1
DA:147,3
DA:148,1
DA:149,4
DA:150,3
DA:151,2
DA:152,2
DA:153,2
DA:167,8
DA:168,16
DA:169,16
DA:170,0
DA:173,16
DA:174,48
DA:175,24
DA:177,8
DA:178,28
DA:179,4
DA:184,6
DA:185,18
DA:186,12
DA:187,0
DA:189,18
DA:191,24
DA:192,6
DA:193,5
DA:194,10
DA:195,15
DA:196,5
DA:197,5
DA:199,15
DA:200,5
DA:201,20
DA:202,0
DA:205,0
DA:206,0
DA:207,0
DA:208,0
DA:209,0
DA:211,0
DA:212,0
DA:213,0
DA:214,0
DA:217,1
DA:218,2
DA:220,2
DA:221,1
DA:228,2
DA:229,8
DA:230,2
DA:231,2
DA:232,4
DA:233,6
DA:234,4
DA:235,4
DA:236,2
DA:238,2
DA:240,6
DA:241,2
DA:242,4
DA:243,4
DA:246,0
DA:247,0
DA:248,0
DA:249,0
DA:250,0
DA:251,0
DA:253,0
DA:255,0
DA:256,0
DA:257,0
DA:258,0
DA:261,0
DA:262,0
DA:264,0
DA:265,0
DA:272,0
DA:273,0
DA:274,0
DA:275,0
DA:276,0
DA:277,0
DA:278,0
DA:279,0
DA:280,0
DA:281,0
DA:284,0
DA:285,0
DA:287,0
DA:288,0
DA:295,0
DA:300,0
DA:301,0
DA:302,0
DA:303,0
DA:304,0
DA:305,0
DA:310,0
DA:311,0
DA:312,0
DA:313,0
DA:315,0
DA:316,0
DA:317,0
DA:318,0
DA:321,0
DA:322,0
DA:323,0
DA:324,0
DA:325,0
DA:329,0
DA:330,0
DA:331,0
DA:333,0
DA:334,0
DA:335,0
DA:344,4
DA:345,4
DA:346,8
DA:347,0
DA:352,0
DA:353,0
DA:354,0
DA:355,0
DA:360,0
DA:361,0
DA:362,0
DA:363,0
DA:368,1
DA:369,1
DA:370,2
DA:371,0
DA:376,0
DA:377,0
DA:378,0
DA:379,0
DA:384,0
DA:385,0
DA:386,0
DA:387,0
DA:392,0
DA:393,0
DA:394,0
DA:395,0
DA:400,0
DA:401,0
DA:402,0
DA:403,0
DA:408,0
DA:409,0
DA:410,0
DA:411,0
DA:416,3
DA:417,3
DA:418,6
DA:419,0
DA:424,2
DA:425,2
DA:426,4
DA:427,0
DA:432,0
DA:433,0
DA:434,0
DA:435,0
DA:445,3
DA:447,3
DA:448,1
DA:449,1
DA:450,1
DA:462,20
DA:463,80
DA:464,20
DA:465,40
DA:466,0
DA:467,0
DA:468,0
DA:477,13
DA:482,13
DA:483,10
DA:484,15
DA:485,25
DA:486,10
DA:487,10
DA:488,5
DA:489,5
DA:490,5
DA:492,5
DA:494,8
DA:496,16
DA:497,8
DA:498,8
DA:499,8
DA:500,8
DA:502,16
DA:503,8
DA:505,0
DA:507,0
DA:508,0
DA:516,0
DA:533,0
DA:535,0
DA:536,0
DA:538,0
DA:539,0
DA:540,0
DA:541,0
DA:542,0
DA:543,0
DA:545,0
DA:547,0
DA:548,0
DA:549,0
DA:550,0
DA:551,0
DA:552,0
DA:553,0
DA:554,0
DA:556,0
DA:559,0
DA:560,0
DA:561,0
DA:564,0
DA:565,0
DA:566,0
DA:567,0
DA:575,2
DA:579,6
DA:580,6
DA:581,10
DA:582,4
DA:583,4
DA:584,2
DA:585,2
DA:586,2
DA:588,2
DA:597,8
DA:604,8
DA:605,32
DA:606,8
DA:608,24
DA:609,16
DA:611,0
DA:613,0
DA:614,0
DA:615,0
DA:617,0
DA:619,0
DA:622,0
DA:635,19
DA:636,38
DA:637,19
DA:638,19
DA:639,19
DA:640,19
DA:641,19
DA:644,25
DA:645,15
DA:647,20
DA:648,3
DA:651,4
DA:653,57
LF:283
LH:137
end_of_record
